# JRE version: OpenJDK Runtime Environment (21.0.8) (build 21.0.8+-14196175-b1038.72)
# Java VM: OpenJDK 64-Bit Server VM (21.0.8+-14196175-b1038.72, mixed mode, tiered, compressed oops, compressed class ptrs, g1 gc, windows-amd64)
GC Precious Log:
 CardTable entry size: 512
 Card Set container configuration: InlinePtr #cards 5 size 8 Array Of Cards #cards 12 size 40 Howl #buckets 4 coarsen threshold 1843 Howl Bitmap #cards 512 size 80 coarsen threshold 460 Card regions per heap region 1 cards per card region 2048
 CPUs: 4 total, 4 available
 Memory: 32652M
 Large Page Support: Disabled
 NUMA Support: Disabled
 Compressed Oops: Enabled (32-bit)
 Heap Region Size: 1M
 Heap Min Capacity: 8M
 Heap Initial Capacity: 512M
 Heap Max Capacity: 2G
 Pre-touch: Disabled
 Parallel Workers: 4
 Concurrent Workers: 1
 Concurrent Refinement Workers: 4
 Periodic GC: Disabled
Heap:
 garbage-first heap   total 314368K, used 260574K [0x0000000080000000, 0x0000000100000000)
  region size 1024K, 74 young (75776K), 4 survivors (4096K)
 Metaspace       used 124232K, committed 126400K, reserved 1179648K
  class space    used 16853K, committed 17920K, reserved 1048576K
GC Heap History (20 events):
Event: 22.523 GC heap before
{Heap before GC invocations=31 (full 0):
 garbage-first heap   total 194560K, used 174582K [0x0000000080000000, 0x0000000100000000)
  region size 1024K, 57 young (58368K), 8 survivors (8192K)
 Metaspace       used 110392K, committed 112448K, reserved 1179648K
  class space    used 15537K, committed 16576K, reserved 1048576K
}
Event: 22.534 GC heap after
{Heap after GC invocations=32 (full 0):
 garbage-first heap   total 194560K, used 128885K [0x0000000080000000, 0x0000000100000000)
  region size 1024K, 5 young (5120K), 5 survivors (5120K)
 Metaspace       used 110392K, committed 112448K, reserved 1179648K
  class space    used 15537K, committed 16576K, reserved 1048576K
}
Event: 23.369 GC heap before
{Heap before GC invocations=32 (full 0):
 garbage-first heap   total 194560K, used 157557K [0x0000000080000000, 0x0000000100000000)
  region size 1024K, 35 young (35840K), 5 survivors (5120K)
 Metaspace       used 110777K, committed 112832K, reserved 1179648K
  class space    used 15602K, committed 16640K, reserved 1048576K
}
Event: 23.374 GC heap after
{Heap after GC invocations=33 (full 0):
 garbage-first heap   total 194560K, used 131240K [0x0000000080000000, 0x0000000100000000)
  region size 1024K, 3 young (3072K), 3 survivors (3072K)
 Metaspace       used 110777K, committed 112832K, reserved 1179648K
  class space    used 15602K, committed 16640K, reserved 1048576K
}
Event: 24.497 GC heap before
{Heap before GC invocations=34 (full 0):
 garbage-first heap   total 229376K, used 182440K [0x0000000080000000, 0x0000000100000000)
  region size 1024K, 49 young (50176K), 3 survivors (3072K)
 Metaspace       used 113855K, committed 115840K, reserved 1179648K
  class space    used 15869K, committed 16832K, reserved 1048576K
}
Event: 24.505 GC heap after
{Heap after GC invocations=35 (full 0):
 garbage-first heap   total 229376K, used 137199K [0x0000000080000000, 0x0000000100000000)
  region size 1024K, 7 young (7168K), 7 survivors (7168K)
 Metaspace       used 113855K, committed 115840K, reserved 1179648K
  class space    used 15869K, committed 16832K, reserved 1048576K
}
Event: 25.711 GC heap before
{Heap before GC invocations=35 (full 0):
 garbage-first heap   total 229376K, used 216047K [0x0000000080000000, 0x0000000100000000)
  region size 1024K, 76 young (77824K), 7 survivors (7168K)
 Metaspace       used 114410K, committed 116480K, reserved 1179648K
  class space    used 15909K, committed 16896K, reserved 1048576K
}
Event: 25.732 GC heap after
{Heap after GC invocations=36 (full 0):
 garbage-first heap   total 250880K, used 161792K [0x0000000080000000, 0x0000000100000000)
  region size 1024K, 10 young (10240K), 10 survivors (10240K)
 Metaspace       used 114410K, committed 116480K, reserved 1179648K
  class space    used 15909K, committed 16896K, reserved 1048576K
}
Event: 25.912 GC heap before
{Heap before GC invocations=36 (full 0):
 garbage-first heap   total 250880K, used 165888K [0x0000000080000000, 0x0000000100000000)
  region size 1024K, 15 young (15360K), 10 survivors (10240K)
 Metaspace       used 114549K, committed 116544K, reserved 1179648K
  class space    used 15921K, committed 16896K, reserved 1048576K
}
Event: 25.921 GC heap after
{Heap after GC invocations=37 (full 0):
 garbage-first heap   total 250880K, used 165315K [0x0000000080000000, 0x0000000100000000)
  region size 1024K, 3 young (3072K), 3 survivors (3072K)
 Metaspace       used 114549K, committed 116544K, reserved 1179648K
  class space    used 15921K, committed 16896K, reserved 1048576K
}
Event: 27.560 GC heap before
{Heap before GC invocations=38 (full 0):
 garbage-first heap   total 281600K, used 227779K [0x0000000080000000, 0x0000000100000000)
  region size 1024K, 57 young (58368K), 3 survivors (3072K)
 Metaspace       used 117014K, committed 119168K, reserved 1179648K
  class space    used 16219K, committed 17280K, reserved 1048576K
}
Event: 27.568 GC heap after
{Heap after GC invocations=39 (full 0):
 garbage-first heap   total 281600K, used 169984K [0x0000000080000000, 0x0000000100000000)
  region size 1024K, 7 young (7168K), 7 survivors (7168K)
 Metaspace       used 117014K, committed 119168K, reserved 1179648K
  class space    used 16219K, committed 17280K, reserved 1048576K
}
Event: 29.610 GC heap before
{Heap before GC invocations=39 (full 0):
 garbage-first heap   total 281600K, used 272384K [0x0000000080000000, 0x0000000100000000)
  region size 1024K, 82 young (83968K), 7 survivors (7168K)
 Metaspace       used 118199K, committed 120320K, reserved 1179648K
  class space    used 16300K, committed 17344K, reserved 1048576K
}
Event: 29.620 GC heap after
{Heap after GC invocations=40 (full 0):
 garbage-first heap   total 285696K, used 171008K [0x0000000080000000, 0x0000000100000000)
  region size 1024K, 9 young (9216K), 9 survivors (9216K)
 Metaspace       used 118199K, committed 120320K, reserved 1179648K
  class space    used 16300K, committed 17344K, reserved 1048576K
}
Event: 30.304 GC heap before
{Heap before GC invocations=40 (full 0):
 garbage-first heap   total 285696K, used 252928K [0x0000000080000000, 0x0000000100000000)
  region size 1024K, 90 young (92160K), 9 survivors (9216K)
 Metaspace       used 121950K, committed 124032K, reserved 1179648K
  class space    used 16639K, committed 17664K, reserved 1048576K
}
Event: 30.318 GC heap after
{Heap after GC invocations=41 (full 0):
 garbage-first heap   total 285696K, used 183648K [0x0000000080000000, 0x0000000100000000)
  region size 1024K, 12 young (12288K), 12 survivors (12288K)
 Metaspace       used 121950K, committed 124032K, reserved 1179648K
  class space    used 16639K, committed 17664K, reserved 1048576K
}
Event: 31.126 GC heap before
{Heap before GC invocations=41 (full 0):
 garbage-first heap   total 285696K, used 255328K [0x0000000080000000, 0x0000000100000000)
  region size 1024K, 82 young (83968K), 12 survivors (12288K)
 Metaspace       used 122965K, committed 125056K, reserved 1179648K
  class space    used 16732K, committed 17792K, reserved 1048576K
}
Event: 31.134 GC heap after
{Heap after GC invocations=42 (full 0):
 garbage-first heap   total 285696K, used 187658K [0x0000000080000000, 0x0000000100000000)
  region size 1024K, 4 young (4096K), 4 survivors (4096K)
 Metaspace       used 122965K, committed 125056K, reserved 1179648K
  class space    used 16732K, committed 17792K, reserved 1048576K
}
Event: 32.495 GC heap before
{Heap before GC invocations=43 (full 0):
 garbage-first heap   total 314368K, used 258314K [0x0000000080000000, 0x0000000100000000)
  region size 1024K, 74 young (75776K), 4 survivors (4096K)
 Metaspace       used 123217K, committed 125376K, reserved 1179648K
  class space    used 16733K, committed 17792K, reserved 1048576K
}
Event: 32.500 GC heap after
{Heap after GC invocations=44 (full 0):
 garbage-first heap   total 314368K, used 187870K [0x0000000080000000, 0x0000000100000000)
  region size 1024K, 4 young (4096K), 4 survivors (4096K)
 Metaspace       used 123217K, committed 125376K, reserved 1179648K
  class space    used 16733K, committed 17792K, reserved 1048576K
}

