# JRE version: OpenJDK Runtime Environment (21.0.8) (build 21.0.8+-14196175-b1038.72)
# Java VM: OpenJDK 64-Bit Server VM (21.0.8+-14196175-b1038.72, mixed mode, tiered, compressed oops, compressed class ptrs, g1 gc, windows-amd64)
GC Precious Log:
 CardTable entry size: 512
 Card Set container configuration: InlinePtr #cards 5 size 8 Array Of Cards #cards 12 size 40 Howl #buckets 4 coarsen threshold 1843 Howl Bitmap #cards 512 size 80 coarsen threshold 460 Card regions per heap region 1 cards per card region 2048
 CPUs: 4 total, 4 available
 Memory: 32652M
 Large Page Support: Disabled
 NUMA Support: Disabled
 Compressed Oops: Enabled (32-bit)
 Heap Region Size: 1M
 Heap Min Capacity: 8M
 Heap Initial Capacity: 512M
 Heap Max Capacity: 2G
 Pre-touch: Disabled
 Parallel Workers: 4
 Concurrent Workers: 1
 Concurrent Refinement Workers: 4
 Periodic GC: Disabled
Heap:
 garbage-first heap   total 464896K, used 421376K [0x0000000080000000, 0x0000000100000000)
  region size 1024K, 182 young (186368K), 23 survivors (23552K)
 Metaspace       used 156951K, committed 159360K, reserved 1245184K
  class space    used 21017K, committed 22208K, reserved 1048576K
GC Heap History (20 events):
Event: 53.878 GC heap after
{Heap after GC invocations=86 (full 0):
 garbage-first heap   total 451584K, used 153399K [0x0000000080000000, 0x0000000100000000)
  region size 1024K, 23 young (23552K), 23 survivors (23552K)
 Metaspace       used 105570K, committed 107456K, reserved 1179648K
  class space    used 14234K, committed 15168K, reserved 1048576K
}
Event: 55.971 GC heap before
{Heap before GC invocations=86 (full 0):
 garbage-first heap   total 451584K, used 402231K [0x0000000080000000, 0x0000000100000000)
  region size 1024K, 264 young (270336K), 23 survivors (23552K)
 Metaspace       used 120884K, committed 122880K, reserved 1179648K
  class space    used 16612K, committed 17600K, reserved 1048576K
}
Event: 55.989 GC heap after
{Heap after GC invocations=87 (full 0):
 garbage-first heap   total 451584K, used 166697K [0x0000000080000000, 0x0000000100000000)
  region size 1024K, 26 young (26624K), 26 survivors (26624K)
 Metaspace       used 120884K, committed 122880K, reserved 1179648K
  class space    used 16612K, committed 17600K, reserved 1048576K
}
Event: 58.031 GC heap before
{Heap before GC invocations=87 (full 0):
 garbage-first heap   total 451584K, used 403241K [0x0000000080000000, 0x0000000100000000)
  region size 1024K, 254 young (260096K), 26 survivors (26624K)
 Metaspace       used 135051K, committed 137216K, reserved 1179648K
  class space    used 18561K, committed 19648K, reserved 1048576K
}
Event: 58.052 GC heap after
{Heap after GC invocations=88 (full 0):
 garbage-first heap   total 451584K, used 177152K [0x0000000080000000, 0x0000000100000000)
  region size 1024K, 19 young (19456K), 19 survivors (19456K)
 Metaspace       used 135051K, committed 137216K, reserved 1179648K
  class space    used 18561K, committed 19648K, reserved 1048576K
}
Event: 59.060 GC heap before
{Heap before GC invocations=88 (full 0):
 garbage-first heap   total 451584K, used 333824K [0x0000000080000000, 0x0000000100000000)
  region size 1024K, 173 young (177152K), 19 survivors (19456K)
 Metaspace       used 136311K, committed 138368K, reserved 1179648K
  class space    used 18700K, committed 19712K, reserved 1048576K
}
Event: 59.071 GC heap after
{Heap after GC invocations=89 (full 0):
 garbage-first heap   total 451584K, used 173041K [0x0000000080000000, 0x0000000100000000)
  region size 1024K, 6 young (6144K), 6 survivors (6144K)
 Metaspace       used 136311K, committed 138368K, reserved 1179648K
  class space    used 18700K, committed 19712K, reserved 1048576K
}
Event: 73.322 GC heap before
{Heap before GC invocations=90 (full 0):
 garbage-first heap   total 451584K, used 425969K [0x0000000080000000, 0x0000000100000000)
  region size 1024K, 248 young (253952K), 6 survivors (6144K)
 Metaspace       used 139807K, committed 141952K, reserved 1179648K
  class space    used 18971K, committed 20032K, reserved 1048576K
}
Event: 73.334 GC heap after
{Heap after GC invocations=91 (full 0):
 garbage-first heap   total 451584K, used 181233K [0x0000000080000000, 0x0000000100000000)
  region size 1024K, 14 young (14336K), 14 survivors (14336K)
 Metaspace       used 139807K, committed 141952K, reserved 1179648K
  class space    used 18971K, committed 20032K, reserved 1048576K
}
Event: 77.021 GC heap before
{Heap before GC invocations=91 (full 0):
 garbage-first heap   total 451584K, used 411633K [0x0000000080000000, 0x0000000100000000)
  region size 1024K, 240 young (245760K), 14 survivors (14336K)
 Metaspace       used 140074K, committed 142272K, reserved 1179648K
  class space    used 18981K, committed 20032K, reserved 1048576K
}
Event: 77.034 GC heap after
{Heap after GC invocations=92 (full 0):
 garbage-first heap   total 451584K, used 182835K [0x0000000080000000, 0x0000000100000000)
  region size 1024K, 16 young (16384K), 16 survivors (16384K)
 Metaspace       used 140074K, committed 142272K, reserved 1179648K
  class space    used 18981K, committed 20032K, reserved 1048576K
}
Event: 80.217 GC heap before
{Heap before GC invocations=92 (full 0):
 garbage-first heap   total 451584K, used 410163K [0x0000000080000000, 0x0000000100000000)
  region size 1024K, 239 young (244736K), 16 survivors (16384K)
 Metaspace       used 142595K, committed 144768K, reserved 1179648K
  class space    used 19284K, committed 20352K, reserved 1048576K
}
Event: 80.233 GC heap after
{Heap after GC invocations=93 (full 0):
 garbage-first heap   total 451584K, used 190041K [0x0000000080000000, 0x0000000100000000)
  region size 1024K, 19 young (19456K), 19 survivors (19456K)
 Metaspace       used 142595K, committed 144768K, reserved 1179648K
  class space    used 19284K, committed 20352K, reserved 1048576K
}
Event: 149.138 GC heap before
{Heap before GC invocations=94 (full 0):
 garbage-first heap   total 451584K, used 406105K [0x0000000080000000, 0x0000000100000000)
  region size 1024K, 231 young (236544K), 19 survivors (19456K)
 Metaspace       used 147663K, committed 150016K, reserved 1179648K
  class space    used 19891K, committed 21056K, reserved 1048576K
}
Event: 149.156 GC heap after
{Heap after GC invocations=95 (full 0):
 garbage-first heap   total 451584K, used 199377K [0x0000000080000000, 0x0000000100000000)
  region size 1024K, 19 young (19456K), 19 survivors (19456K)
 Metaspace       used 147663K, committed 150016K, reserved 1179648K
  class space    used 19891K, committed 21056K, reserved 1048576K
}
Event: 153.651 GC heap before
{Heap before GC invocations=95 (full 0):
 garbage-first heap   total 451584K, used 407249K [0x0000000080000000, 0x0000000100000000)
  region size 1024K, 223 young (228352K), 19 survivors (19456K)
 Metaspace       used 151638K, committed 154112K, reserved 1245184K
  class space    used 20422K, committed 21632K, reserved 1048576K
}
Event: 153.683 GC heap after
{Heap after GC invocations=96 (full 0):
 garbage-first heap   total 451584K, used 219648K [0x0000000080000000, 0x0000000100000000)
  region size 1024K, 28 young (28672K), 28 survivors (28672K)
 Metaspace       used 151638K, committed 154112K, reserved 1245184K
  class space    used 20422K, committed 21632K, reserved 1048576K
}
Event: 161.610 GC heap before
{Heap before GC invocations=96 (full 0):
 garbage-first heap   total 451584K, used 335360K [0x0000000080000000, 0x0000000100000000)
  region size 1024K, 143 young (146432K), 28 survivors (28672K)
 Metaspace       used 153551K, committed 155904K, reserved 1245184K
  class space    used 20653K, committed 21824K, reserved 1048576K
}
Event: 161.642 GC heap after
{Heap after GC invocations=97 (full 0):
 garbage-first heap   total 451584K, used 239104K [0x0000000080000000, 0x0000000100000000)
  region size 1024K, 18 young (18432K), 18 survivors (18432K)
 Metaspace       used 153551K, committed 155904K, reserved 1245184K
  class space    used 20653K, committed 21824K, reserved 1048576K
}
Event: 171.693 GC heap before
{Heap before GC invocations=98 (full 0):
 garbage-first heap   total 451584K, used 421376K [0x0000000080000000, 0x0000000100000000)
  region size 1024K, 177 young (181248K), 18 survivors (18432K)
 Metaspace       used 156951K, committed 159360K, reserved 1245184K
  class space    used 21017K, committed 22208K, reserved 1048576K
}

