# JRE version: OpenJDK Runtime Environment (21.0.8) (build 21.0.8+-14196175-b1038.72)
# Java VM: OpenJDK 64-Bit Server VM (21.0.8+-14196175-b1038.72, mixed mode, tiered, compressed oops, compressed class ptrs, g1 gc, windows-amd64)
GC Precious Log:
 CardTable entry size: 512
 Card Set container configuration: InlinePtr #cards 5 size 8 Array Of Cards #cards 12 size 40 Howl #buckets 4 coarsen threshold 1843 Howl Bitmap #cards 512 size 80 coarsen threshold 460 Card regions per heap region 1 cards per card region 2048
 CPUs: 4 total, 4 available
 Memory: 32652M
 Large Page Support: Disabled
 NUMA Support: Disabled
 Compressed Oops: Enabled (32-bit)
 Heap Region Size: 1M
 Heap Min Capacity: 8M
 Heap Initial Capacity: 512M
 Heap Max Capacity: 2G
 Pre-touch: Disabled
 Parallel Workers: 4
 Concurrent Workers: 1
 Concurrent Refinement Workers: 4
 Periodic GC: Disabled
Heap:
 garbage-first heap   total 247808K, used 198486K [0x0000000080000000, 0x0000000100000000)
  region size 1024K, 44 young (45056K), 9 survivors (9216K)
 Metaspace       used 123865K, committed 125888K, reserved 1179648K
  class space    used 17318K, committed 18304K, reserved 1048576K
GC Heap History (20 events):
Event: 14.055 GC heap before
{Heap before GC invocations=25 (full 0):
 garbage-first heap   total 199680K, used 178473K [0x0000000080000000, 0x0000000100000000)
  region size 1024K, 82 young (83968K), 9 survivors (9216K)
 Metaspace       used 105907K, committed 107904K, reserved 1179648K
  class space    used 14911K, committed 15872K, reserved 1048576K
}
Event: 14.068 GC heap after
{Heap after GC invocations=26 (full 0):
 garbage-first heap   total 199680K, used 110707K [0x0000000080000000, 0x0000000100000000)
  region size 1024K, 11 young (11264K), 11 survivors (11264K)
 Metaspace       used 105907K, committed 107904K, reserved 1179648K
  class space    used 14911K, committed 15872K, reserved 1048576K
}
Event: 15.447 GC heap before
{Heap before GC invocations=26 (full 0):
 garbage-first heap   total 199680K, used 176243K [0x0000000080000000, 0x0000000100000000)
  region size 1024K, 75 young (76800K), 11 survivors (11264K)
 Metaspace       used 108156K, committed 110208K, reserved 1179648K
  class space    used 15281K, committed 16256K, reserved 1048576K
}
Event: 15.463 GC heap after
{Heap after GC invocations=27 (full 0):
 garbage-first heap   total 199680K, used 120162K [0x0000000080000000, 0x0000000100000000)
  region size 1024K, 9 young (9216K), 9 survivors (9216K)
 Metaspace       used 108156K, committed 110208K, reserved 1179648K
  class space    used 15281K, committed 16256K, reserved 1048576K
}
Event: 16.264 GC heap before
{Heap before GC invocations=28 (full 0):
 garbage-first heap   total 201728K, used 177506K [0x0000000080000000, 0x0000000100000000)
  region size 1024K, 66 young (67584K), 9 survivors (9216K)
 Metaspace       used 108790K, committed 110848K, reserved 1179648K
  class space    used 15350K, committed 16320K, reserved 1048576K
}
Event: 16.274 GC heap after
{Heap after GC invocations=29 (full 0):
 garbage-first heap   total 201728K, used 124234K [0x0000000080000000, 0x0000000100000000)
  region size 1024K, 4 young (4096K), 4 survivors (4096K)
 Metaspace       used 108790K, committed 110848K, reserved 1179648K
  class space    used 15350K, committed 16320K, reserved 1048576K
}
Event: 17.092 GC heap before
{Heap before GC invocations=29 (full 0):
 garbage-first heap   total 201728K, used 186698K [0x0000000080000000, 0x0000000100000000)
  region size 1024K, 64 young (65536K), 4 survivors (4096K)
 Metaspace       used 109109K, committed 111104K, reserved 1179648K
  class space    used 15388K, committed 16320K, reserved 1048576K
}
Event: 17.100 GC heap after
{Heap after GC invocations=30 (full 0):
 garbage-first heap   total 201728K, used 127407K [0x0000000080000000, 0x0000000100000000)
  region size 1024K, 7 young (7168K), 7 survivors (7168K)
 Metaspace       used 109109K, committed 111104K, reserved 1179648K
  class space    used 15388K, committed 16320K, reserved 1048576K
}
Event: 17.459 GC heap before
{Heap before GC invocations=30 (full 0):
 garbage-first heap   total 201728K, used 144815K [0x0000000080000000, 0x0000000100000000)
  region size 1024K, 26 young (26624K), 7 survivors (7168K)
 Metaspace       used 109235K, committed 111296K, reserved 1179648K
  class space    used 15409K, committed 16384K, reserved 1048576K
}
Event: 17.465 GC heap after
{Heap after GC invocations=31 (full 0):
 garbage-first heap   total 201728K, used 128301K [0x0000000080000000, 0x0000000100000000)
  region size 1024K, 5 young (5120K), 5 survivors (5120K)
 Metaspace       used 109235K, committed 111296K, reserved 1179648K
  class space    used 15409K, committed 16384K, reserved 1048576K
}
Event: 18.223 GC heap before
{Heap before GC invocations=32 (full 0):
 garbage-first heap   total 224256K, used 187693K [0x0000000080000000, 0x0000000100000000)
  region size 1024K, 59 young (60416K), 5 survivors (5120K)
 Metaspace       used 112551K, committed 114624K, reserved 1179648K
  class space    used 15715K, committed 16704K, reserved 1048576K
}
Event: 18.230 GC heap after
{Heap after GC invocations=33 (full 0):
 garbage-first heap   total 224256K, used 130964K [0x0000000080000000, 0x0000000100000000)
  region size 1024K, 4 young (4096K), 4 survivors (4096K)
 Metaspace       used 112551K, committed 114624K, reserved 1179648K
  class space    used 15715K, committed 16704K, reserved 1048576K
}
Event: 19.517 GC heap before
{Heap before GC invocations=33 (full 0):
 garbage-first heap   total 224256K, used 206740K [0x0000000080000000, 0x0000000100000000)
  region size 1024K, 79 young (80896K), 4 survivors (4096K)
 Metaspace       used 113936K, committed 116032K, reserved 1179648K
  class space    used 15904K, committed 16896K, reserved 1048576K
}
Event: 19.526 GC heap after
{Heap after GC invocations=34 (full 0):
 garbage-first heap   total 224256K, used 135926K [0x0000000080000000, 0x0000000100000000)
  region size 1024K, 10 young (10240K), 10 survivors (10240K)
 Metaspace       used 113936K, committed 116032K, reserved 1179648K
  class space    used 15904K, committed 16896K, reserved 1048576K
}
Event: 20.052 GC heap before
{Heap before GC invocations=34 (full 0):
 garbage-first heap   total 224256K, used 200438K [0x0000000080000000, 0x0000000100000000)
  region size 1024K, 74 young (75776K), 10 survivors (10240K)
 Metaspace       used 117726K, committed 119744K, reserved 1179648K
  class space    used 16428K, committed 17408K, reserved 1048576K
}
Event: 20.061 GC heap after
{Heap after GC invocations=35 (full 0):
 garbage-first heap   total 224256K, used 148480K [0x0000000080000000, 0x0000000100000000)
  region size 1024K, 10 young (10240K), 10 survivors (10240K)
 Metaspace       used 117726K, committed 119744K, reserved 1179648K
  class space    used 16428K, committed 17408K, reserved 1048576K
}
Event: 20.431 GC heap before
{Heap before GC invocations=36 (full 0):
 garbage-first heap   total 247808K, used 199680K [0x0000000080000000, 0x0000000100000000)
  region size 1024K, 61 young (62464K), 10 survivors (10240K)
 Metaspace       used 120325K, committed 122368K, reserved 1179648K
  class space    used 16818K, committed 17792K, reserved 1048576K
}
Event: 20.439 GC heap after
{Heap after GC invocations=37 (full 0):
 garbage-first heap   total 247808K, used 155648K [0x0000000080000000, 0x0000000100000000)
  region size 1024K, 8 young (8192K), 8 survivors (8192K)
 Metaspace       used 120325K, committed 122368K, reserved 1179648K
  class space    used 16818K, committed 17792K, reserved 1048576K
}
Event: 20.865 GC heap before
{Heap before GC invocations=37 (full 0):
 garbage-first heap   total 247808K, used 220160K [0x0000000080000000, 0x0000000100000000)
  region size 1024K, 72 young (73728K), 8 survivors (8192K)
 Metaspace       used 122680K, committed 124736K, reserved 1179648K
  class space    used 17119K, committed 18112K, reserved 1048576K
}
Event: 20.881 GC heap after
{Heap after GC invocations=38 (full 0):
 garbage-first heap   total 247808K, used 164694K [0x0000000080000000, 0x0000000100000000)
  region size 1024K, 9 young (9216K), 9 survivors (9216K)
 Metaspace       used 122680K, committed 124736K, reserved 1179648K
  class space    used 17119K, committed 18112K, reserved 1048576K
}

