# JRE version: OpenJDK Runtime Environment (21.0.8) (build 21.0.8+-14196175-b1038.72)
# Java VM: OpenJDK 64-Bit Server VM (21.0.8+-14196175-b1038.72, mixed mode, tiered, compressed oops, compressed class ptrs, g1 gc, windows-amd64)
GC Precious Log:
 CardTable entry size: 512
 Card Set container configuration: InlinePtr #cards 5 size 8 Array Of Cards #cards 12 size 40 Howl #buckets 4 coarsen threshold 1843 Howl Bitmap #cards 512 size 80 coarsen threshold 460 Card regions per heap region 1 cards per card region 2048
 CPUs: 4 total, 4 available
 Memory: 32652M
 Large Page Support: Disabled
 NUMA Support: Disabled
 Compressed Oops: Enabled (32-bit)
 Heap Region Size: 1M
 Heap Min Capacity: 8M
 Heap Initial Capacity: 512M
 Heap Max Capacity: 2G
 Pre-touch: Disabled
 Parallel Workers: 4
 Concurrent Workers: 1
 Concurrent Refinement Workers: 4
 Periodic GC: Disabled
Heap:
 garbage-first heap   total 326656K, used 215995K [0x0000000080000000, 0x0000000100000000)
  region size 1024K, 3 young (3072K), 3 survivors (3072K)
 Metaspace       used 128841K, committed 130944K, reserved 1179648K
  class space    used 18043K, committed 19072K, reserved 1048576K
GC Heap History (20 events):
Event: 15.621 GC heap after
{Heap after GC invocations=34 (full 0):
 garbage-first heap   total 208896K, used 130856K [0x0000000080000000, 0x0000000100000000)
  region size 1024K, 9 young (9216K), 9 survivors (9216K)
 Metaspace       used 110913K, committed 112896K, reserved 1179648K
  class space    used 15562K, committed 16512K, reserved 1048576K
}
Event: 16.151 GC heap before
{Heap before GC invocations=34 (full 0):
 garbage-first heap   total 208896K, used 187176K [0x0000000080000000, 0x0000000100000000)
  region size 1024K, 65 young (66560K), 9 survivors (9216K)
 Metaspace       used 112192K, committed 114304K, reserved 1179648K
  class space    used 15736K, committed 16768K, reserved 1048576K
}
Event: 16.159 GC heap after
{Heap after GC invocations=35 (full 0):
 garbage-first heap   total 208896K, used 135858K [0x0000000080000000, 0x0000000100000000)
  region size 1024K, 5 young (5120K), 5 survivors (5120K)
 Metaspace       used 112192K, committed 114304K, reserved 1179648K
  class space    used 15736K, committed 16768K, reserved 1048576K
}
Event: 16.587 GC heap before
{Heap before GC invocations=36 (full 0):
 garbage-first heap   total 227328K, used 190130K [0x0000000080000000, 0x0000000100000000)
  region size 1024K, 59 young (60416K), 5 survivors (5120K)
 Metaspace       used 114783K, committed 116928K, reserved 1179648K
  class space    used 16102K, committed 17152K, reserved 1048576K
}
Event: 16.593 GC heap after
{Heap after GC invocations=37 (full 0):
 garbage-first heap   total 227328K, used 146432K [0x0000000080000000, 0x0000000100000000)
  region size 1024K, 8 young (8192K), 8 survivors (8192K)
 Metaspace       used 114783K, committed 116928K, reserved 1179648K
  class space    used 16102K, committed 17152K, reserved 1048576K
}
Event: 16.878 GC heap before
{Heap before GC invocations=37 (full 0):
 garbage-first heap   total 227328K, used 205824K [0x0000000080000000, 0x0000000100000000)
  region size 1024K, 67 young (68608K), 8 survivors (8192K)
 Metaspace       used 118071K, committed 120192K, reserved 1179648K
  class space    used 16588K, committed 17664K, reserved 1048576K
}
Event: 16.886 GC heap after
{Heap after GC invocations=38 (full 0):
 garbage-first heap   total 227328K, used 154624K [0x0000000080000000, 0x0000000100000000)
  region size 1024K, 9 young (9216K), 9 survivors (9216K)
 Metaspace       used 118071K, committed 120192K, reserved 1179648K
  class space    used 16588K, committed 17664K, reserved 1048576K
}
Event: 17.263 GC heap before
{Heap before GC invocations=38 (full 0):
 garbage-first heap   total 227328K, used 204800K [0x0000000080000000, 0x0000000100000000)
  region size 1024K, 59 young (60416K), 9 survivors (9216K)
 Metaspace       used 119751K, committed 121856K, reserved 1179648K
  class space    used 16791K, committed 17856K, reserved 1048576K
}
Event: 17.275 GC heap after
{Heap after GC invocations=39 (full 0):
 garbage-first heap   total 273408K, used 161569K [0x0000000080000000, 0x0000000100000000)
  region size 1024K, 8 young (8192K), 8 survivors (8192K)
 Metaspace       used 119751K, committed 121856K, reserved 1179648K
  class space    used 16791K, committed 17856K, reserved 1048576K
}
Event: 17.951 GC heap before
{Heap before GC invocations=40 (full 0):
 garbage-first heap   total 273408K, used 236321K [0x0000000080000000, 0x0000000100000000)
  region size 1024K, 82 young (83968K), 8 survivors (8192K)
 Metaspace       used 123010K, committed 125184K, reserved 1179648K
  class space    used 17300K, committed 18368K, reserved 1048576K
}
Event: 17.971 GC heap after
{Heap after GC invocations=41 (full 0):
 garbage-first heap   total 273408K, used 174080K [0x0000000080000000, 0x0000000100000000)
  region size 1024K, 11 young (11264K), 11 survivors (11264K)
 Metaspace       used 123010K, committed 125184K, reserved 1179648K
  class space    used 17300K, committed 18368K, reserved 1048576K
}
Event: 18.730 GC heap before
{Heap before GC invocations=41 (full 0):
 garbage-first heap   total 273408K, used 240640K [0x0000000080000000, 0x0000000100000000)
  region size 1024K, 77 young (78848K), 11 survivors (11264K)
 Metaspace       used 125154K, committed 127232K, reserved 1179648K
  class space    used 17647K, committed 18688K, reserved 1048576K
}
Event: 18.749 GC heap after
{Heap after GC invocations=42 (full 0):
 garbage-first heap   total 273408K, used 183808K [0x0000000080000000, 0x0000000100000000)
  region size 1024K, 10 young (10240K), 10 survivors (10240K)
 Metaspace       used 125154K, committed 127232K, reserved 1179648K
  class space    used 17647K, committed 18688K, reserved 1048576K
}
Event: 19.205 GC heap before
{Heap before GC invocations=42 (full 0):
 garbage-first heap   total 273408K, used 245248K [0x0000000080000000, 0x0000000100000000)
  region size 1024K, 70 young (71680K), 10 survivors (10240K)
 Metaspace       used 125694K, committed 127872K, reserved 1179648K
  class space    used 17682K, committed 18752K, reserved 1048576K
}
Event: 19.226 GC heap after
{Heap after GC invocations=43 (full 0):
 garbage-first heap   total 273408K, used 195072K [0x0000000080000000, 0x0000000100000000)
  region size 1024K, 9 young (9216K), 9 survivors (9216K)
 Metaspace       used 125694K, committed 127872K, reserved 1179648K
  class space    used 17682K, committed 18752K, reserved 1048576K
}
Event: 19.865 GC heap before
{Heap before GC invocations=44 (full 0):
 garbage-first heap   total 326656K, used 245248K [0x0000000080000000, 0x0000000100000000)
  region size 1024K, 59 young (60416K), 9 survivors (9216K)
 Metaspace       used 126421K, committed 128576K, reserved 1179648K
  class space    used 17709K, committed 18752K, reserved 1048576K
}
Event: 19.878 GC heap after
{Heap after GC invocations=45 (full 0):
 garbage-first heap   total 326656K, used 202667K [0x0000000080000000, 0x0000000100000000)
  region size 1024K, 7 young (7168K), 7 survivors (7168K)
 Metaspace       used 126421K, committed 128576K, reserved 1179648K
  class space    used 17709K, committed 18752K, reserved 1048576K
}
Event: 20.357 GC heap before
{Heap before GC invocations=45 (full 0):
 garbage-first heap   total 326656K, used 289707K [0x0000000080000000, 0x0000000100000000)
  region size 1024K, 93 young (95232K), 7 survivors (7168K)
 Metaspace       used 127063K, committed 129152K, reserved 1179648K
  class space    used 17798K, committed 18816K, reserved 1048576K
}
Event: 20.372 GC heap after
{Heap after GC invocations=46 (full 0):
 garbage-first heap   total 326656K, used 212765K [0x0000000080000000, 0x0000000100000000)
  region size 1024K, 11 young (11264K), 11 survivors (11264K)
 Metaspace       used 127063K, committed 129152K, reserved 1179648K
  class space    used 17798K, committed 18816K, reserved 1048576K
}
Event: 21.061 GC heap before
{Heap before GC invocations=46 (full 0):
 garbage-first heap   total 326656K, used 293661K [0x0000000080000000, 0x0000000100000000)
  region size 1024K, 91 young (93184K), 11 survivors (11264K)
 Metaspace       used 128841K, committed 130944K, reserved 1179648K
  class space    used 18043K, committed 19072K, reserved 1048576K
}

