# JRE version: OpenJDK Runtime Environment (21.0.8) (build 21.0.8+-14196175-b1038.72)
# Java VM: OpenJDK 64-Bit Server VM (21.0.8+-14196175-b1038.72, mixed mode, tiered, compressed oops, compressed class ptrs, g1 gc, windows-amd64)
GC Precious Log:
 CardTable entry size: 512
 Card Set container configuration: InlinePtr #cards 5 size 8 Array Of Cards #cards 12 size 40 Howl #buckets 4 coarsen threshold 1843 Howl Bitmap #cards 512 size 80 coarsen threshold 460 Card regions per heap region 1 cards per card region 2048
 CPUs: 4 total, 4 available
 Memory: 32652M
 Large Page Support: Disabled
 NUMA Support: Disabled
 Compressed Oops: Enabled (32-bit)
 Heap Region Size: 1M
 Heap Min Capacity: 8M
 Heap Initial Capacity: 512M
 Heap Max Capacity: 2G
 Pre-touch: Disabled
 Parallel Workers: 4
 Concurrent Workers: 1
 Concurrent Refinement Workers: 4
 Periodic GC: Disabled
Heap:
 garbage-first heap   total 263168K, used 187717K [0x0000000080000000, 0x0000000100000000)
  region size 1024K, 31 young (31744K), 7 survivors (7168K)
 Metaspace       used 122706K, committed 124800K, reserved 1179648K
  class space    used 17239K, committed 18240K, reserved 1048576K
GC Heap History (20 events):
Event: 15.173 GC heap before
{Heap before GC invocations=30 (full 0):
 garbage-first heap   total 193536K, used 152241K [0x0000000080000000, 0x0000000100000000)
  region size 1024K, 44 young (45056K), 7 survivors (7168K)
 Metaspace       used 108204K, committed 110272K, reserved 1179648K
  class space    used 15303K, committed 16256K, reserved 1048576K
}
Event: 15.182 GC heap after
{Heap after GC invocations=31 (full 0):
 garbage-first heap   total 193536K, used 120779K [0x0000000080000000, 0x0000000100000000)
  region size 1024K, 5 young (5120K), 5 survivors (5120K)
 Metaspace       used 108204K, committed 110272K, reserved 1179648K
  class space    used 15303K, committed 16256K, reserved 1048576K
}
Event: 15.753 GC heap before
{Heap before GC invocations=31 (full 0):
 garbage-first heap   total 193536K, used 174027K [0x0000000080000000, 0x0000000100000000)
  region size 1024K, 58 young (59392K), 5 survivors (5120K)
 Metaspace       used 108691K, committed 110720K, reserved 1179648K
  class space    used 15358K, committed 16320K, reserved 1048576K
}
Event: 15.761 GC heap after
{Heap after GC invocations=32 (full 0):
 garbage-first heap   total 193536K, used 123212K [0x0000000080000000, 0x0000000100000000)
  region size 1024K, 3 young (3072K), 3 survivors (3072K)
 Metaspace       used 108691K, committed 110720K, reserved 1179648K
  class space    used 15358K, committed 16320K, reserved 1048576K
}
Event: 15.775 GC heap before
{Heap before GC invocations=32 (full 0):
 garbage-first heap   total 193536K, used 124236K [0x0000000080000000, 0x0000000100000000)
  region size 1024K, 5 young (5120K), 3 survivors (3072K)
 Metaspace       used 108710K, committed 110720K, reserved 1179648K
  class space    used 15360K, committed 16320K, reserved 1048576K
}
Event: 15.777 GC heap after
{Heap after GC invocations=33 (full 0):
 garbage-first heap   total 193536K, used 123144K [0x0000000080000000, 0x0000000100000000)
  region size 1024K, 3 young (3072K), 3 survivors (3072K)
 Metaspace       used 108710K, committed 110720K, reserved 1179648K
  class space    used 15360K, committed 16320K, reserved 1048576K
}
Event: 16.310 GC heap before
{Heap before GC invocations=34 (full 0):
 garbage-first heap   total 208896K, used 179464K [0x0000000080000000, 0x0000000100000000)
  region size 1024K, 57 young (58368K), 3 survivors (3072K)
 Metaspace       used 108995K, committed 111040K, reserved 1179648K
  class space    used 15394K, committed 16384K, reserved 1048576K
}
Event: 16.315 GC heap after
{Heap after GC invocations=35 (full 0):
 garbage-first heap   total 208896K, used 127121K [0x0000000080000000, 0x0000000100000000)
  region size 1024K, 6 young (6144K), 6 survivors (6144K)
 Metaspace       used 108995K, committed 111040K, reserved 1179648K
  class space    used 15394K, committed 16384K, reserved 1048576K
}
Event: 17.189 GC heap before
{Heap before GC invocations=35 (full 0):
 garbage-first heap   total 208896K, used 194705K [0x0000000080000000, 0x0000000100000000)
  region size 1024K, 68 young (69632K), 6 survivors (6144K)
 Metaspace       used 110719K, committed 112768K, reserved 1179648K
  class space    used 15533K, committed 16512K, reserved 1048576K
}
Event: 17.198 GC heap after
{Heap after GC invocations=36 (full 0):
 garbage-first heap   total 208896K, used 128974K [0x0000000080000000, 0x0000000100000000)
  region size 1024K, 8 young (8192K), 8 survivors (8192K)
 Metaspace       used 110719K, committed 112768K, reserved 1179648K
  class space    used 15533K, committed 16512K, reserved 1048576K
}
Event: 17.792 GC heap before
{Heap before GC invocations=36 (full 0):
 garbage-first heap   total 208896K, used 187342K [0x0000000080000000, 0x0000000100000000)
  region size 1024K, 66 young (67584K), 8 survivors (8192K)
 Metaspace       used 111651K, committed 113792K, reserved 1179648K
  class space    used 15669K, committed 16704K, reserved 1048576K
}
Event: 17.801 GC heap after
{Heap after GC invocations=37 (full 0):
 garbage-first heap   total 208896K, used 133859K [0x0000000080000000, 0x0000000100000000)
  region size 1024K, 9 young (9216K), 9 survivors (9216K)
 Metaspace       used 111651K, committed 113792K, reserved 1179648K
  class space    used 15669K, committed 16704K, reserved 1048576K
}
Event: 18.588 GC heap before
{Heap before GC invocations=38 (full 0):
 garbage-first heap   total 224256K, used 186083K [0x0000000080000000, 0x0000000100000000)
  region size 1024K, 61 young (62464K), 9 survivors (9216K)
 Metaspace       used 114895K, committed 116992K, reserved 1179648K
  class space    used 16110K, committed 17152K, reserved 1048576K
}
Event: 18.596 GC heap after
{Heap after GC invocations=39 (full 0):
 garbage-first heap   total 224256K, used 140087K [0x0000000080000000, 0x0000000100000000)
  region size 1024K, 7 young (7168K), 7 survivors (7168K)
 Metaspace       used 114895K, committed 116992K, reserved 1179648K
  class space    used 16110K, committed 17152K, reserved 1048576K
}
Event: 18.980 GC heap before
{Heap before GC invocations=39 (full 0):
 garbage-first heap   total 224256K, used 203575K [0x0000000080000000, 0x0000000100000000)
  region size 1024K, 70 young (71680K), 7 survivors (7168K)
 Metaspace       used 117962K, committed 120000K, reserved 1179648K
  class space    used 16561K, committed 17536K, reserved 1048576K
}
Event: 18.989 GC heap after
{Heap after GC invocations=40 (full 0):
 garbage-first heap   total 226304K, used 152576K [0x0000000080000000, 0x0000000100000000)
  region size 1024K, 9 young (9216K), 9 survivors (9216K)
 Metaspace       used 117962K, committed 120000K, reserved 1179648K
  class space    used 16561K, committed 17536K, reserved 1048576K
}
Event: 19.271 GC heap before
{Heap before GC invocations=40 (full 0):
 garbage-first heap   total 226304K, used 203776K [0x0000000080000000, 0x0000000100000000)
  region size 1024K, 60 young (61440K), 9 survivors (9216K)
 Metaspace       used 120377K, committed 122496K, reserved 1179648K
  class space    used 16881K, committed 17856K, reserved 1048576K
}
Event: 19.280 GC heap after
{Heap after GC invocations=41 (full 0):
 garbage-first heap   total 226304K, used 157671K [0x0000000080000000, 0x0000000100000000)
  region size 1024K, 8 young (8192K), 8 survivors (8192K)
 Metaspace       used 120377K, committed 122496K, reserved 1179648K
  class space    used 16881K, committed 17856K, reserved 1048576K
}
Event: 19.708 GC heap before
{Heap before GC invocations=42 (full 0):
 garbage-first heap   total 263168K, used 202727K [0x0000000080000000, 0x0000000100000000)
  region size 1024K, 53 young (54272K), 8 survivors (8192K)
 Metaspace       used 122032K, committed 124160K, reserved 1179648K
  class space    used 17116K, committed 18112K, reserved 1048576K
}
Event: 19.722 GC heap after
{Heap after GC invocations=43 (full 0):
 garbage-first heap   total 263168K, used 165189K [0x0000000080000000, 0x0000000100000000)
  region size 1024K, 7 young (7168K), 7 survivors (7168K)
 Metaspace       used 122032K, committed 124160K, reserved 1179648K
  class space    used 17116K, committed 18112K, reserved 1048576K
}

