# JRE version: OpenJDK Runtime Environment (21.0.8) (build 21.0.8+-14196175-b1038.72)
# Java VM: OpenJDK 64-Bit Server VM (21.0.8+-14196175-b1038.72, mixed mode, tiered, compressed oops, compressed class ptrs, g1 gc, windows-amd64)
GC Precious Log:
 CardTable entry size: 512
 Card Set container configuration: InlinePtr #cards 5 size 8 Array Of Cards #cards 12 size 40 Howl #buckets 4 coarsen threshold 1843 Howl Bitmap #cards 512 size 80 coarsen threshold 460 Card regions per heap region 1 cards per card region 2048
 CPUs: 4 total, 4 available
 Memory: 32652M
 Large Page Support: Disabled
 NUMA Support: Disabled
 Compressed Oops: Enabled (32-bit)
 Heap Region Size: 1M
 Heap Min Capacity: 8M
 Heap Initial Capacity: 512M
 Heap Max Capacity: 2G
 Pre-touch: Disabled
 Parallel Workers: 4
 Concurrent Workers: 1
 Concurrent Refinement Workers: 4
 Periodic GC: Disabled
Heap:
 garbage-first heap   total 263168K, used 223732K [0x0000000080000000, 0x0000000100000000)
  region size 1024K, 51 young (52224K), 3 survivors (3072K)
 Metaspace       used 130618K, committed 132800K, reserved 1179648K
  class space    used 17666K, committed 18752K, reserved 1048576K
GC Heap History (20 events):
Event: 37.232 GC heap before
{Heap before GC invocations=38 (full 0):
 garbage-first heap   total 225280K, used 211544K [0x0000000080000000, 0x0000000100000000)
  region size 1024K, 76 young (77824K), 1 survivors (1024K)
 Metaspace       used 126260K, committed 128384K, reserved 1179648K
  class space    used 17294K, committed 18304K, reserved 1048576K
}
Event: 37.236 GC heap after
{Heap after GC invocations=39 (full 0):
 garbage-first heap   total 225280K, used 136922K [0x0000000080000000, 0x0000000100000000)
  region size 1024K, 2 young (2048K), 2 survivors (2048K)
 Metaspace       used 126260K, committed 128384K, reserved 1179648K
  class space    used 17294K, committed 18304K, reserved 1048576K
}
Event: 42.194 GC heap before
{Heap before GC invocations=40 (full 0):
 garbage-first heap   total 229376K, used 209626K [0x0000000080000000, 0x0000000100000000)
  region size 1024K, 74 young (75776K), 2 survivors (2048K)
 Metaspace       used 129061K, committed 131200K, reserved 1179648K
  class space    used 17572K, committed 18624K, reserved 1048576K
}
Event: 42.199 GC heap after
{Heap after GC invocations=41 (full 0):
 garbage-first heap   total 229376K, used 139455K [0x0000000080000000, 0x0000000100000000)
  region size 1024K, 5 young (5120K), 5 survivors (5120K)
 Metaspace       used 129061K, committed 131200K, reserved 1179648K
  class space    used 17572K, committed 18624K, reserved 1048576K
}
Event: 45.143 GC heap before
{Heap before GC invocations=41 (full 0):
 garbage-first heap   total 229376K, used 210111K [0x0000000080000000, 0x0000000100000000)
  region size 1024K, 75 young (76800K), 5 survivors (5120K)
 Metaspace       used 129479K, committed 131648K, reserved 1179648K
  class space    used 17585K, committed 18624K, reserved 1048576K
}
Event: 45.150 GC heap after
{Heap after GC invocations=42 (full 0):
 garbage-first heap   total 229376K, used 139636K [0x0000000080000000, 0x0000000100000000)
  region size 1024K, 6 young (6144K), 6 survivors (6144K)
 Metaspace       used 129479K, committed 131648K, reserved 1179648K
  class space    used 17585K, committed 18624K, reserved 1048576K
}
Event: 51.510 GC heap before
{Heap before GC invocations=42 (full 0):
 garbage-first heap   total 229376K, used 190836K [0x0000000080000000, 0x0000000100000000)
  region size 1024K, 58 young (59392K), 6 survivors (6144K)
 Metaspace       used 129645K, committed 131840K, reserved 1179648K
  class space    used 17593K, committed 18688K, reserved 1048576K
}
Event: 51.516 GC heap after
{Heap after GC invocations=43 (full 0):
 garbage-first heap   total 229376K, used 140349K [0x0000000080000000, 0x0000000100000000)
  region size 1024K, 7 young (7168K), 7 survivors (7168K)
 Metaspace       used 129645K, committed 131840K, reserved 1179648K
  class space    used 17593K, committed 18688K, reserved 1048576K
}
Event: 51.930 GC heap before
{Heap before GC invocations=44 (full 0):
 garbage-first heap   total 242688K, used 211005K [0x0000000080000000, 0x0000000100000000)
  region size 1024K, 73 young (74752K), 7 survivors (7168K)
 Metaspace       used 130430K, committed 132672K, reserved 1179648K
  class space    used 17658K, committed 18752K, reserved 1048576K
}
Event: 51.937 GC heap after
{Heap after GC invocations=45 (full 0):
 garbage-first heap   total 242688K, used 148480K [0x0000000080000000, 0x0000000100000000)
  region size 1024K, 10 young (10240K), 10 survivors (10240K)
 Metaspace       used 130430K, committed 132672K, reserved 1179648K
  class space    used 17658K, committed 18752K, reserved 1048576K
}
Event: 52.170 GC heap before
{Heap before GC invocations=45 (full 0):
 garbage-first heap   total 242688K, used 218112K [0x0000000080000000, 0x0000000100000000)
  region size 1024K, 79 young (80896K), 10 survivors (10240K)
 Metaspace       used 130561K, committed 132800K, reserved 1179648K
  class space    used 17666K, committed 18752K, reserved 1048576K
}
Event: 52.176 GC heap after
{Heap after GC invocations=46 (full 0):
 garbage-first heap   total 242688K, used 149433K [0x0000000080000000, 0x0000000100000000)
  region size 1024K, 2 young (2048K), 2 survivors (2048K)
 Metaspace       used 130561K, committed 132800K, reserved 1179648K
  class space    used 17666K, committed 18752K, reserved 1048576K
}
Event: 52.545 GC heap before
{Heap before GC invocations=46 (full 0):
 garbage-first heap   total 242688K, used 225209K [0x0000000080000000, 0x0000000100000000)
  region size 1024K, 76 young (77824K), 2 survivors (2048K)
 Metaspace       used 130566K, committed 132800K, reserved 1179648K
  class space    used 17666K, committed 18752K, reserved 1048576K
}
Event: 52.546 GC heap after
{Heap after GC invocations=47 (full 0):
 garbage-first heap   total 242688K, used 148742K [0x0000000080000000, 0x0000000100000000)
  region size 1024K, 1 young (1024K), 1 survivors (1024K)
 Metaspace       used 130566K, committed 132800K, reserved 1179648K
  class space    used 17666K, committed 18752K, reserved 1048576K
}
Event: 53.055 GC heap before
{Heap before GC invocations=48 (full 0):
 garbage-first heap   total 249856K, used 226566K [0x0000000080000000, 0x0000000100000000)
  region size 1024K, 78 young (79872K), 1 survivors (1024K)
 Metaspace       used 130587K, committed 132800K, reserved 1179648K
  class space    used 17666K, committed 18752K, reserved 1048576K
}
Event: 53.057 GC heap after
{Heap after GC invocations=49 (full 0):
 garbage-first heap   total 249856K, used 150315K [0x0000000080000000, 0x0000000100000000)
  region size 1024K, 3 young (3072K), 3 survivors (3072K)
 Metaspace       used 130587K, committed 132800K, reserved 1179648K
  class space    used 17666K, committed 18752K, reserved 1048576K
}
Event: 53.455 GC heap before
{Heap before GC invocations=49 (full 0):
 garbage-first heap   total 263168K, used 250667K [0x0000000080000000, 0x0000000100000000)
  region size 1024K, 84 young (86016K), 3 survivors (3072K)
 Metaspace       used 130617K, committed 132800K, reserved 1179648K
  class space    used 17666K, committed 18752K, reserved 1048576K
}
Event: 53.458 GC heap after
{Heap after GC invocations=50 (full 0):
 garbage-first heap   total 263168K, used 154605K [0x0000000080000000, 0x0000000100000000)
  region size 1024K, 7 young (7168K), 7 survivors (7168K)
 Metaspace       used 130617K, committed 132800K, reserved 1179648K
  class space    used 17666K, committed 18752K, reserved 1048576K
}
Event: 53.466 GC heap before
{Heap before GC invocations=50 (full 0):
 garbage-first heap   total 263168K, used 164845K [0x0000000080000000, 0x0000000100000000)
  region size 1024K, 18 young (18432K), 7 survivors (7168K)
 Metaspace       used 130617K, committed 132800K, reserved 1179648K
  class space    used 17666K, committed 18752K, reserved 1048576K
}
Event: 53.468 GC heap after
{Heap after GC invocations=51 (full 0):
 garbage-first heap   total 263168K, used 158196K [0x0000000080000000, 0x0000000100000000)
  region size 1024K, 3 young (3072K), 3 survivors (3072K)
 Metaspace       used 130617K, committed 132800K, reserved 1179648K
  class space    used 17666K, committed 18752K, reserved 1048576K
}

