# JRE version: OpenJDK Runtime Environment (21.0.8) (build 21.0.8+-14196175-b1038.72)
# Java VM: OpenJDK 64-Bit Server VM (21.0.8+-14196175-b1038.72, mixed mode, tiered, compressed oops, compressed class ptrs, g1 gc, windows-amd64)
GC Precious Log:
 CardTable entry size: 512
 Card Set container configuration: InlinePtr #cards 5 size 8 Array Of Cards #cards 12 size 40 Howl #buckets 4 coarsen threshold 1843 Howl Bitmap #cards 512 size 80 coarsen threshold 460 Card regions per heap region 1 cards per card region 2048
 CPUs: 4 total, 4 available
 Memory: 32652M
 Large Page Support: Disabled
 NUMA Support: Disabled
 Compressed Oops: Enabled (32-bit)
 Heap Region Size: 1M
 Heap Min Capacity: 8M
 Heap Initial Capacity: 512M
 Heap Max Capacity: 2G
 Pre-touch: Disabled
 Parallel Workers: 4
 Concurrent Workers: 1
 Concurrent Refinement Workers: 4
 Periodic GC: Disabled
Heap:
 garbage-first heap   total 378880K, used 210569K [0x0000000080000000, 0x0000000100000000)
  region size 1024K, 11 young (11264K), 11 survivors (11264K)
 Metaspace       used 147879K, committed 150144K, reserved 1179648K
  class space    used 19901K, committed 20992K, reserved 1048576K
GC Heap History (20 events):
Event: 62.188 GC heap after
{Heap after GC invocations=93 (full 0):
 garbage-first heap   total 378880K, used 219222K [0x0000000080000000, 0x0000000100000000)
  region size 1024K, 8 young (8192K), 8 survivors (8192K)
 Metaspace       used 147251K, committed 149504K, reserved 1179648K
  class space    used 19830K, committed 20928K, reserved 1048576K
}
Event: 63.006 GC heap before
{Heap before GC invocations=93 (full 0):
 garbage-first heap   total 378880K, used 350294K [0x0000000080000000, 0x0000000100000000)
  region size 1024K, 136 young (139264K), 8 survivors (8192K)
 Metaspace       used 147256K, committed 149504K, reserved 1179648K
  class space    used 19830K, committed 20928K, reserved 1048576K
}
Event: 63.021 GC heap after
{Heap after GC invocations=94 (full 0):
 garbage-first heap   total 378880K, used 216232K [0x0000000080000000, 0x0000000100000000)
  region size 1024K, 9 young (9216K), 9 survivors (9216K)
 Metaspace       used 147256K, committed 149504K, reserved 1179648K
  class space    used 19830K, committed 20928K, reserved 1048576K
}
Event: 63.788 GC heap before
{Heap before GC invocations=94 (full 0):
 garbage-first heap   total 378880K, used 349352K [0x0000000080000000, 0x0000000100000000)
  region size 1024K, 139 young (142336K), 9 survivors (9216K)
 Metaspace       used 147265K, committed 149504K, reserved 1179648K
  class space    used 19832K, committed 20928K, reserved 1048576K
}
Event: 63.797 GC heap after
{Heap after GC invocations=95 (full 0):
 garbage-first heap   total 378880K, used 216804K [0x0000000080000000, 0x0000000100000000)
  region size 1024K, 9 young (9216K), 9 survivors (9216K)
 Metaspace       used 147265K, committed 149504K, reserved 1179648K
  class space    used 19832K, committed 20928K, reserved 1048576K
}
Event: 64.637 GC heap before
{Heap before GC invocations=96 (full 0):
 garbage-first heap   total 378880K, used 348900K [0x0000000080000000, 0x0000000100000000)
  region size 1024K, 138 young (141312K), 9 survivors (9216K)
 Metaspace       used 147268K, committed 149504K, reserved 1179648K
  class space    used 19832K, committed 20928K, reserved 1048576K
}
Event: 64.647 GC heap after
{Heap after GC invocations=97 (full 0):
 garbage-first heap   total 378880K, used 218294K [0x0000000080000000, 0x0000000100000000)
  region size 1024K, 10 young (10240K), 10 survivors (10240K)
 Metaspace       used 147268K, committed 149504K, reserved 1179648K
  class space    used 19832K, committed 20928K, reserved 1048576K
}
Event: 65.141 GC heap before
{Heap before GC invocations=97 (full 0):
 garbage-first heap   total 378880K, used 348342K [0x0000000080000000, 0x0000000100000000)
  region size 1024K, 137 young (140288K), 10 survivors (10240K)
 Metaspace       used 147280K, committed 149504K, reserved 1179648K
  class space    used 19834K, committed 20928K, reserved 1048576K
}
Event: 65.153 GC heap after
{Heap after GC invocations=98 (full 0):
 garbage-first heap   total 378880K, used 213787K [0x0000000080000000, 0x0000000100000000)
  region size 1024K, 9 young (9216K), 9 survivors (9216K)
 Metaspace       used 147280K, committed 149504K, reserved 1179648K
  class space    used 19834K, committed 20928K, reserved 1048576K
}
Event: 65.539 GC heap before
{Heap before GC invocations=98 (full 0):
 garbage-first heap   total 378880K, used 349979K [0x0000000080000000, 0x0000000100000000)
  region size 1024K, 142 young (145408K), 9 survivors (9216K)
 Metaspace       used 147292K, committed 149568K, reserved 1179648K
  class space    used 19835K, committed 20928K, reserved 1048576K
}
Event: 65.548 GC heap after
{Heap after GC invocations=99 (full 0):
 garbage-first heap   total 378880K, used 215687K [0x0000000080000000, 0x0000000100000000)
  region size 1024K, 10 young (10240K), 10 survivors (10240K)
 Metaspace       used 147292K, committed 149568K, reserved 1179648K
  class space    used 19835K, committed 20928K, reserved 1048576K
}
Event: 66.104 GC heap before
{Heap before GC invocations=100 (full 0):
 garbage-first heap   total 378880K, used 347783K [0x0000000080000000, 0x0000000100000000)
  region size 1024K, 140 young (143360K), 10 survivors (10240K)
 Metaspace       used 147305K, committed 149568K, reserved 1179648K
  class space    used 19835K, committed 20928K, reserved 1048576K
}
Event: 66.113 GC heap after
{Heap after GC invocations=101 (full 0):
 garbage-first heap   total 378880K, used 215872K [0x0000000080000000, 0x0000000100000000)
  region size 1024K, 10 young (10240K), 10 survivors (10240K)
 Metaspace       used 147305K, committed 149568K, reserved 1179648K
  class space    used 19835K, committed 20928K, reserved 1048576K
}
Event: 66.475 GC heap before
{Heap before GC invocations=101 (full 0):
 garbage-first heap   total 378880K, used 348992K [0x0000000080000000, 0x0000000100000000)
  region size 1024K, 140 young (143360K), 10 survivors (10240K)
 Metaspace       used 147316K, committed 149568K, reserved 1179648K
  class space    used 19836K, committed 20928K, reserved 1048576K
}
Event: 66.487 GC heap after
{Heap after GC invocations=102 (full 0):
 garbage-first heap   total 378880K, used 212475K [0x0000000080000000, 0x0000000100000000)
  region size 1024K, 10 young (10240K), 10 survivors (10240K)
 Metaspace       used 147316K, committed 149568K, reserved 1179648K
  class space    used 19836K, committed 20928K, reserved 1048576K
}
Event: 67.027 GC heap before
{Heap before GC invocations=102 (full 0):
 garbage-first heap   total 378880K, used 348667K [0x0000000080000000, 0x0000000100000000)
  region size 1024K, 143 young (146432K), 10 survivors (10240K)
 Metaspace       used 147767K, committed 150016K, reserved 1179648K
  class space    used 19888K, committed 20992K, reserved 1048576K
}
Event: 67.036 GC heap after
{Heap after GC invocations=103 (full 0):
 garbage-first heap   total 378880K, used 213477K [0x0000000080000000, 0x0000000100000000)
  region size 1024K, 10 young (10240K), 10 survivors (10240K)
 Metaspace       used 147767K, committed 150016K, reserved 1179648K
  class space    used 19888K, committed 20992K, reserved 1048576K
}
Event: 67.780 GC heap before
{Heap before GC invocations=104 (full 0):
 garbage-first heap   total 378880K, used 348645K [0x0000000080000000, 0x0000000100000000)
  region size 1024K, 142 young (145408K), 10 survivors (10240K)
 Metaspace       used 147817K, committed 150080K, reserved 1179648K
  class space    used 19893K, committed 20992K, reserved 1048576K
}
Event: 67.789 GC heap after
{Heap after GC invocations=105 (full 0):
 garbage-first heap   total 378880K, used 214011K [0x0000000080000000, 0x0000000100000000)
  region size 1024K, 10 young (10240K), 10 survivors (10240K)
 Metaspace       used 147817K, committed 150080K, reserved 1179648K
  class space    used 19893K, committed 20992K, reserved 1048576K
}
Event: 68.366 GC heap before
{Heap before GC invocations=105 (full 0):
 garbage-first heap   total 378880K, used 348155K [0x0000000080000000, 0x0000000100000000)
  region size 1024K, 141 young (144384K), 10 survivors (10240K)
 Metaspace       used 147879K, committed 150144K, reserved 1179648K
  class space    used 19901K, committed 20992K, reserved 1048576K
}

