# JRE version: OpenJDK Runtime Environment (21.0.8) (build 21.0.8+-14196175-b1038.72)
# Java VM: OpenJDK 64-Bit Server VM (21.0.8+-14196175-b1038.72, mixed mode, tiered, compressed oops, compressed class ptrs, g1 gc, windows-amd64)
GC Precious Log:
 CardTable entry size: 512
 Card Set container configuration: InlinePtr #cards 5 size 8 Array Of Cards #cards 12 size 40 Howl #buckets 4 coarsen threshold 1843 Howl Bitmap #cards 512 size 80 coarsen threshold 460 Card regions per heap region 1 cards per card region 2048
 CPUs: 4 total, 4 available
 Memory: 32652M
 Large Page Support: Disabled
 NUMA Support: Disabled
 Compressed Oops: Enabled (32-bit)
 Heap Region Size: 1M
 Heap Min Capacity: 8M
 Heap Initial Capacity: 512M
 Heap Max Capacity: 2G
 Pre-touch: Disabled
 Parallel Workers: 4
 Concurrent Workers: 1
 Concurrent Refinement Workers: 4
 Periodic GC: Disabled
Heap:
 garbage-first heap   total 254976K, used 177034K [0x0000000080000000, 0x0000000100000000)
  region size 1024K, 9 young (9216K), 9 survivors (9216K)
 Metaspace       used 125719K, committed 127744K, reserved 1179648K
  class space    used 17597K, committed 18560K, reserved 1048576K
GC Heap History (20 events):
Event: 13.484 GC heap after
{Heap after GC invocations=29 (full 0):
 garbage-first heap   total 189440K, used 122880K [0x0000000080000000, 0x0000000100000000)
  region size 1024K, 3 young (3072K), 3 survivors (3072K)
 Metaspace       used 108717K, committed 110720K, reserved 1179648K
  class space    used 15349K, committed 16320K, reserved 1048576K
}
Event: 13.505 GC heap before
{Heap before GC invocations=29 (full 0):
 garbage-first heap   total 189440K, used 124928K [0x0000000080000000, 0x0000000100000000)
  region size 1024K, 6 young (6144K), 3 survivors (3072K)
 Metaspace       used 108736K, committed 110720K, reserved 1179648K
  class space    used 15351K, committed 16320K, reserved 1048576K
}
Event: 13.508 GC heap after
{Heap after GC invocations=30 (full 0):
 garbage-first heap   total 227328K, used 122763K [0x0000000080000000, 0x0000000100000000)
  region size 1024K, 3 young (3072K), 3 survivors (3072K)
 Metaspace       used 108736K, committed 110720K, reserved 1179648K
  class space    used 15351K, committed 16320K, reserved 1048576K
}
Event: 14.027 GC heap before
{Heap before GC invocations=30 (full 0):
 garbage-first heap   total 227328K, used 177035K [0x0000000080000000, 0x0000000100000000)
  region size 1024K, 57 young (58368K), 3 survivors (3072K)
 Metaspace       used 109005K, committed 111040K, reserved 1179648K
  class space    used 15386K, committed 16384K, reserved 1048576K
}
Event: 14.033 GC heap after
{Heap after GC invocations=31 (full 0):
 garbage-first heap   total 227328K, used 125952K [0x0000000080000000, 0x0000000100000000)
  region size 1024K, 6 young (6144K), 6 survivors (6144K)
 Metaspace       used 109005K, committed 111040K, reserved 1179648K
  class space    used 15386K, committed 16384K, reserved 1048576K
}
Event: 14.277 GC heap before
{Heap before GC invocations=31 (full 0):
 garbage-first heap   total 227328K, used 149504K [0x0000000080000000, 0x0000000100000000)
  region size 1024K, 29 young (29696K), 6 survivors (6144K)
 Metaspace       used 109144K, committed 111168K, reserved 1179648K
  class space    used 15405K, committed 16384K, reserved 1048576K
}
Event: 14.283 GC heap after
{Heap after GC invocations=32 (full 0):
 garbage-first heap   total 227328K, used 128239K [0x0000000080000000, 0x0000000100000000)
  region size 1024K, 8 young (8192K), 8 survivors (8192K)
 Metaspace       used 109144K, committed 111168K, reserved 1179648K
  class space    used 15405K, committed 16384K, reserved 1048576K
}
Event: 14.284 GC heap before
{Heap before GC invocations=32 (full 0):
 garbage-first heap   total 227328K, used 130287K [0x0000000080000000, 0x0000000100000000)
  region size 1024K, 9 young (9216K), 8 survivors (8192K)
 Metaspace       used 109144K, committed 111168K, reserved 1179648K
  class space    used 15405K, committed 16384K, reserved 1048576K
}
Event: 14.290 GC heap after
{Heap after GC invocations=33 (full 0):
 garbage-first heap   total 227328K, used 129878K [0x0000000080000000, 0x0000000100000000)
  region size 1024K, 5 young (5120K), 5 survivors (5120K)
 Metaspace       used 109144K, committed 111168K, reserved 1179648K
  class space    used 15405K, committed 16384K, reserved 1048576K
}
Event: 15.453 GC heap before
{Heap before GC invocations=34 (full 0):
 garbage-first heap   total 227328K, used 206678K [0x0000000080000000, 0x0000000100000000)
  region size 1024K, 79 young (80896K), 5 survivors (5120K)
 Metaspace       used 113321K, committed 115392K, reserved 1179648K
  class space    used 15818K, committed 16832K, reserved 1048576K
}
Event: 15.462 GC heap after
{Heap after GC invocations=35 (full 0):
 garbage-first heap   total 227328K, used 132595K [0x0000000080000000, 0x0000000100000000)
  region size 1024K, 10 young (10240K), 10 survivors (10240K)
 Metaspace       used 113321K, committed 115392K, reserved 1179648K
  class space    used 15818K, committed 16832K, reserved 1048576K
}
Event: 16.615 GC heap before
{Heap before GC invocations=35 (full 0):
 garbage-first heap   total 227328K, used 203251K [0x0000000080000000, 0x0000000100000000)
  region size 1024K, 80 young (81920K), 10 survivors (10240K)
 Metaspace       used 115230K, committed 117248K, reserved 1179648K
  class space    used 16085K, committed 17088K, reserved 1048576K
}
Event: 16.629 GC heap after
{Heap after GC invocations=36 (full 0):
 garbage-first heap   total 227328K, used 139340K [0x0000000080000000, 0x0000000100000000)
  region size 1024K, 8 young (8192K), 8 survivors (8192K)
 Metaspace       used 115230K, committed 117248K, reserved 1179648K
  class space    used 16085K, committed 17088K, reserved 1048576K
}
Event: 16.949 GC heap before
{Heap before GC invocations=36 (full 0):
 garbage-first heap   total 227328K, used 204876K [0x0000000080000000, 0x0000000100000000)
  region size 1024K, 73 young (74752K), 8 survivors (8192K)
 Metaspace       used 118089K, committed 120128K, reserved 1179648K
  class space    used 16488K, committed 17472K, reserved 1048576K
}
Event: 16.956 GC heap after
{Heap after GC invocations=37 (full 0):
 garbage-first heap   total 227328K, used 152064K [0x0000000080000000, 0x0000000100000000)
  region size 1024K, 10 young (10240K), 10 survivors (10240K)
 Metaspace       used 118089K, committed 120128K, reserved 1179648K
  class space    used 16488K, committed 17472K, reserved 1048576K
}
Event: 17.399 GC heap before
{Heap before GC invocations=38 (full 0):
 garbage-first heap   total 254976K, used 202240K [0x0000000080000000, 0x0000000100000000)
  region size 1024K, 60 young (61440K), 10 survivors (10240K)
 Metaspace       used 121093K, committed 123200K, reserved 1179648K
  class space    used 16910K, committed 17920K, reserved 1048576K
}
Event: 17.408 GC heap after
{Heap after GC invocations=39 (full 0):
 garbage-first heap   total 254976K, used 154531K [0x0000000080000000, 0x0000000100000000)
  region size 1024K, 8 young (8192K), 8 survivors (8192K)
 Metaspace       used 121093K, committed 123200K, reserved 1179648K
  class space    used 16910K, committed 17920K, reserved 1048576K
}
Event: 17.870 GC heap before
{Heap before GC invocations=39 (full 0):
 garbage-first heap   total 254976K, used 223139K [0x0000000080000000, 0x0000000100000000)
  region size 1024K, 76 young (77824K), 8 survivors (8192K)
 Metaspace       used 123751K, committed 125824K, reserved 1179648K
  class space    used 17289K, committed 18304K, reserved 1048576K
}
Event: 17.888 GC heap after
{Heap after GC invocations=40 (full 0):
 garbage-first heap   total 254976K, used 165376K [0x0000000080000000, 0x0000000100000000)
  region size 1024K, 10 young (10240K), 10 survivors (10240K)
 Metaspace       used 123751K, committed 125824K, reserved 1179648K
  class space    used 17289K, committed 18304K, reserved 1048576K
}
Event: 18.465 GC heap before
{Heap before GC invocations=40 (full 0):
 garbage-first heap   total 254976K, used 225792K [0x0000000080000000, 0x0000000100000000)
  region size 1024K, 70 young (71680K), 10 survivors (10240K)
 Metaspace       used 125719K, committed 127744K, reserved 1179648K
  class space    used 17597K, committed 18560K, reserved 1048576K
}

