# JRE version: OpenJDK Runtime Environment (21.0.8) (build 21.0.8+-14196175-b1038.72)
# Java VM: OpenJDK 64-Bit Server VM (21.0.8+-14196175-b1038.72, mixed mode, tiered, compressed oops, compressed class ptrs, g1 gc, windows-amd64)
GC Precious Log:
 CardTable entry size: 512
 Card Set container configuration: InlinePtr #cards 5 size 8 Array Of Cards #cards 12 size 40 Howl #buckets 4 coarsen threshold 1843 Howl Bitmap #cards 512 size 80 coarsen threshold 460 Card regions per heap region 1 cards per card region 2048
 CPUs: 4 total, 4 available
 Memory: 32652M
 Large Page Support: Disabled
 NUMA Support: Disabled
 Compressed Oops: Enabled (32-bit)
 Heap Region Size: 1M
 Heap Min Capacity: 8M
 Heap Initial Capacity: 512M
 Heap Max Capacity: 2G
 Pre-touch: Disabled
 Parallel Workers: 4
 Concurrent Workers: 1
 Concurrent Refinement Workers: 4
 Periodic GC: Disabled
Heap:
 garbage-first heap   total 386048K, used 312430K [0x0000000080000000, 0x0000000100000000)
  region size 1024K, 105 young (107520K), 4 survivors (4096K)
 Metaspace       used 129703K, committed 131776K, reserved 1179648K
  class space    used 18118K, committed 19136K, reserved 1048576K
GC Heap History (20 events):
Event: 21.038 GC heap before
{Heap before GC invocations=42 (full 0):
 garbage-first heap   total 316416K, used 246272K [0x0000000080000000, 0x0000000100000000)
  region size 1024K, 66 young (67584K), 10 survivors (10240K)
 Metaspace       used 125732K, committed 127744K, reserved 1179648K
  class space    used 17693K, committed 18688K, reserved 1048576K
}
Event: 21.053 GC heap after
{Heap after GC invocations=43 (full 0):
 garbage-first heap   total 316416K, used 199680K [0x0000000080000000, 0x0000000100000000)
  region size 1024K, 9 young (9216K), 9 survivors (9216K)
 Metaspace       used 125732K, committed 127744K, reserved 1179648K
  class space    used 17693K, committed 18688K, reserved 1048576K
}
Event: 21.614 GC heap before
{Heap before GC invocations=43 (full 0):
 garbage-first heap   total 316416K, used 281600K [0x0000000080000000, 0x0000000100000000)
  region size 1024K, 89 young (91136K), 9 survivors (9216K)
 Metaspace       used 126521K, committed 128704K, reserved 1179648K
  class space    used 17764K, committed 18816K, reserved 1048576K
}
Event: 21.634 GC heap after
{Heap after GC invocations=44 (full 0):
 garbage-first heap   total 316416K, used 210379K [0x0000000080000000, 0x0000000100000000)
  region size 1024K, 11 young (11264K), 11 survivors (11264K)
 Metaspace       used 126521K, committed 128704K, reserved 1179648K
  class space    used 17764K, committed 18816K, reserved 1048576K
}
Event: 22.203 GC heap before
{Heap before GC invocations=44 (full 0):
 garbage-first heap   total 316416K, used 284107K [0x0000000080000000, 0x0000000100000000)
  region size 1024K, 84 young (86016K), 11 survivors (11264K)
 Metaspace       used 127168K, committed 129280K, reserved 1179648K
  class space    used 17834K, committed 18880K, reserved 1048576K
}
Event: 22.213 GC heap after
{Heap after GC invocations=45 (full 0):
 garbage-first heap   total 386048K, used 212480K [0x0000000080000000, 0x0000000100000000)
  region size 1024K, 2 young (2048K), 2 survivors (2048K)
 Metaspace       used 127168K, committed 129280K, reserved 1179648K
  class space    used 17834K, committed 18880K, reserved 1048576K
}
Event: 23.725 GC heap before
{Heap before GC invocations=46 (full 0):
 garbage-first heap   total 386048K, used 341504K [0x0000000080000000, 0x0000000100000000)
  region size 1024K, 129 young (132096K), 2 survivors (2048K)
 Metaspace       used 128937K, committed 131008K, reserved 1179648K
  class space    used 18067K, committed 19072K, reserved 1048576K
}
Event: 23.730 GC heap after
{Heap after GC invocations=47 (full 0):
 garbage-first heap   total 386048K, used 213206K [0x0000000080000000, 0x0000000100000000)
  region size 1024K, 3 young (3072K), 3 survivors (3072K)
 Metaspace       used 128937K, committed 131008K, reserved 1179648K
  class space    used 18067K, committed 19072K, reserved 1048576K
}
Event: 24.757 GC heap before
{Heap before GC invocations=47 (full 0):
 garbage-first heap   total 386048K, used 357590K [0x0000000080000000, 0x0000000100000000)
  region size 1024K, 144 young (147456K), 3 survivors (3072K)
 Metaspace       used 129212K, committed 131264K, reserved 1179648K
  class space    used 18081K, committed 19072K, reserved 1048576K
}
Event: 24.767 GC heap after
{Heap after GC invocations=48 (full 0):
 garbage-first heap   total 386048K, used 211041K [0x0000000080000000, 0x0000000100000000)
  region size 1024K, 3 young (3072K), 3 survivors (3072K)
 Metaspace       used 129212K, committed 131264K, reserved 1179648K
  class space    used 18081K, committed 19072K, reserved 1048576K
}
Event: 26.086 GC heap before
{Heap before GC invocations=48 (full 0):
 garbage-first heap   total 386048K, used 361569K [0x0000000080000000, 0x0000000100000000)
  region size 1024K, 150 young (153600K), 3 survivors (3072K)
 Metaspace       used 129442K, committed 131520K, reserved 1179648K
  class space    used 18110K, committed 19136K, reserved 1048576K
}
Event: 26.095 GC heap after
{Heap after GC invocations=49 (full 0):
 garbage-first heap   total 386048K, used 211449K [0x0000000080000000, 0x0000000100000000)
  region size 1024K, 4 young (4096K), 4 survivors (4096K)
 Metaspace       used 129442K, committed 131520K, reserved 1179648K
  class space    used 18110K, committed 19136K, reserved 1048576K
}
Event: 27.506 GC heap before
{Heap before GC invocations=50 (full 0):
 garbage-first heap   total 386048K, used 359929K [0x0000000080000000, 0x0000000100000000)
  region size 1024K, 149 young (152576K), 4 survivors (4096K)
 Metaspace       used 129515K, committed 131584K, reserved 1179648K
  class space    used 18117K, committed 19136K, reserved 1048576K
}
Event: 27.514 GC heap after
{Heap after GC invocations=51 (full 0):
 garbage-first heap   total 386048K, used 212077K [0x0000000080000000, 0x0000000100000000)
  region size 1024K, 4 young (4096K), 4 survivors (4096K)
 Metaspace       used 129515K, committed 131584K, reserved 1179648K
  class space    used 18117K, committed 19136K, reserved 1048576K
}
Event: 28.309 GC heap before
{Heap before GC invocations=51 (full 0):
 garbage-first heap   total 386048K, used 360557K [0x0000000080000000, 0x0000000100000000)
  region size 1024K, 149 young (152576K), 4 survivors (4096K)
 Metaspace       used 129533K, committed 131648K, reserved 1179648K
  class space    used 18117K, committed 19136K, reserved 1048576K
}
Event: 28.316 GC heap after
{Heap after GC invocations=52 (full 0):
 garbage-first heap   total 386048K, used 210526K [0x0000000080000000, 0x0000000100000000)
  region size 1024K, 5 young (5120K), 5 survivors (5120K)
 Metaspace       used 129533K, committed 131648K, reserved 1179648K
  class space    used 18117K, committed 19136K, reserved 1048576K
}
Event: 29.287 GC heap before
{Heap before GC invocations=52 (full 0):
 garbage-first heap   total 386048K, used 359006K [0x0000000080000000, 0x0000000100000000)
  region size 1024K, 150 young (153600K), 5 survivors (5120K)
 Metaspace       used 129563K, committed 131648K, reserved 1179648K
  class space    used 18117K, committed 19136K, reserved 1048576K
}
Event: 29.294 GC heap after
{Heap after GC invocations=53 (full 0):
 garbage-first heap   total 386048K, used 210785K [0x0000000080000000, 0x0000000100000000)
  region size 1024K, 5 young (5120K), 5 survivors (5120K)
 Metaspace       used 129563K, committed 131648K, reserved 1179648K
  class space    used 18117K, committed 19136K, reserved 1048576K
}
Event: 31.292 GC heap before
{Heap before GC invocations=54 (full 0):
 garbage-first heap   total 386048K, used 359265K [0x0000000080000000, 0x0000000100000000)
  region size 1024K, 150 young (153600K), 5 survivors (5120K)
 Metaspace       used 129688K, committed 131776K, reserved 1179648K
  class space    used 18117K, committed 19136K, reserved 1048576K
}
Event: 31.298 GC heap after
{Heap after GC invocations=55 (full 0):
 garbage-first heap   total 386048K, used 210030K [0x0000000080000000, 0x0000000100000000)
  region size 1024K, 4 young (4096K), 4 survivors (4096K)
 Metaspace       used 129688K, committed 131776K, reserved 1179648K
  class space    used 18117K, committed 19136K, reserved 1048576K
}

